2019-10-14 09:04:16.069  INFO 7376 --- [main] c.l.managements.ManagementsApplication   : Starting ManagementsApplication on SKY-20171028PLV with PID 7376 (C:\Users\Administrator\Desktop\managements\target\classes started by Administrator in C:\Users\Administrator\Desktop\managements)
2019-10-14 09:04:16.081  INFO 7376 --- [main] c.l.managements.ManagementsApplication   : No active profile set, falling back to default profiles: default
2019-10-14 09:04:16.244  INFO 7376 --- [main] ConfigServletWebServerApplicationContext : Refreshing org.springframework.boot.web.servlet.context.AnnotationConfigServletWebServerApplicationContext@56620197: startup date [Mon Oct 14 09:04:16 CST 2019]; root of context hierarchy
2019-10-14 09:04:17.920  INFO 7376 --- [main] .s.d.r.c.RepositoryConfigurationDelegate : Multiple Spring Data modules found, entering strict repository configuration mode!
2019-10-14 09:04:18.002  INFO 7376 --- [main] .s.d.r.c.RepositoryConfigurationDelegate : Multiple Spring Data modules found, entering strict repository configuration mode!
2019-10-14 09:04:18.737  INFO 7376 --- [main] trationDelegate$BeanPostProcessorChecker : Bean 'org.springframework.transaction.annotation.ProxyTransactionManagementConfiguration' of type [org.springframework.transaction.annotation.ProxyTransactionManagementConfiguration$$EnhancerBySpringCGLIB$$8cd40dbc] is not eligible for getting processed by all BeanPostProcessors (for example: not eligible for auto-proxying)
2019-10-14 09:04:18.799  INFO 7376 --- [main] trationDelegate$BeanPostProcessorChecker : Bean 'org.springframework.boot.context.properties.ConversionServiceDeducer$Factory' of type [org.springframework.boot.context.properties.ConversionServiceDeducer$Factory] is not eligible for getting processed by all BeanPostProcessors (for example: not eligible for auto-proxying)
2019-10-14 09:04:18.823  INFO 7376 --- [main] trationDelegate$BeanPostProcessorChecker : Bean 'spring.redis-org.springframework.boot.autoconfigure.data.redis.RedisProperties' of type [org.springframework.boot.autoconfigure.data.redis.RedisProperties] is not eligible for getting processed by all BeanPostProcessors (for example: not eligible for auto-proxying)
2019-10-14 09:04:18.835  INFO 7376 --- [main] trationDelegate$BeanPostProcessorChecker : Bean 'org.springframework.boot.autoconfigure.data.redis.LettuceConnectionConfiguration' of type [org.springframework.boot.autoconfigure.data.redis.LettuceConnectionConfiguration$$EnhancerBySpringCGLIB$$a1edcc06] is not eligible for getting processed by all BeanPostProcessors (for example: not eligible for auto-proxying)
2019-10-14 09:04:18.954  INFO 7376 --- [main] trationDelegate$BeanPostProcessorChecker : Bean 'lettuceClientResources' of type [io.lettuce.core.resource.DefaultClientResources] is not eligible for getting processed by all BeanPostProcessors (for example: not eligible for auto-proxying)
2019-10-14 09:04:19.087  INFO 7376 --- [main] trationDelegate$BeanPostProcessorChecker : Bean 'redisConnectionFactory' of type [org.springframework.data.redis.connection.lettuce.LettuceConnectionFactory] is not eligible for getting processed by all BeanPostProcessors (for example: not eligible for auto-proxying)
2019-10-14 09:04:19.092  INFO 7376 --- [main] trationDelegate$BeanPostProcessorChecker : Bean 'redisCacheConfig' of type [com.lzq.managements.config.redis.RedisCacheConfig$$EnhancerBySpringCGLIB$$6c07a493] is not eligible for getting processed by all BeanPostProcessors (for example: not eligible for auto-proxying)
2019-10-14 09:04:19.186  INFO 7376 --- [main] trationDelegate$BeanPostProcessorChecker : Bean 'cacheManager' of type [org.springframework.data.redis.cache.RedisCacheManager] is not eligible for getting processed by all BeanPostProcessors (for example: not eligible for auto-proxying)
2019-10-14 09:04:19.192  INFO 7376 --- [main] trationDelegate$BeanPostProcessorChecker : Bean 'keyGenerator' of type [com.lzq.managements.config.redis.RedisCacheConfig$$Lambda$291/732118572] is not eligible for getting processed by all BeanPostProcessors (for example: not eligible for auto-proxying)
2019-10-14 09:04:19.773  INFO 7376 --- [main] o.s.b.w.embedded.tomcat.TomcatWebServer  : Tomcat initialized with port(s): 8082 (http)
2019-10-14 09:04:19.812  INFO 7376 --- [main] o.apache.catalina.core.StandardService   : Starting service [Tomcat]
2019-10-14 09:04:19.812  INFO 7376 --- [main] org.apache.catalina.core.StandardEngine  : Starting Servlet Engine: Apache Tomcat/8.5.32
2019-10-14 09:04:20.008  INFO 7376 --- [localhost-startStop-1] o.a.catalina.core.AprLifecycleListener   : The APR based Apache Tomcat Native library which allows optimal performance in production environments was not found on the java.library.path: [C:\Program Files\Java\jdk1.8.0_181\bin;C:\Windows\Sun\Java\bin;C:\Windows\system32;C:\Windows;D:\Program Files\NetSarang\Xftp 6\;D:\Program Files\NetSarang\Xshell 6\;C:\Program Files (x86)\Windows Resource Kits\Tools\;C:\Program Files (x86)\Common Files\Oracle\Java\javapath;C:\Windows\system32;C:\Windows;C:\Windows\System32\Wbem;C:\Windows\System32\WindowsPowerShell\v1.0\;C:\Program Files (x86)\NVIDIA Corporation\PhysX\Common; C:\Program Files\Java\jdk1.8.0_181\bin;C:\Program Files\Java\jdk1.8.0_181\jre\bin;C:\Program Files\redis;C:\Program Files\MySQL\mysql-8.0.12-winx64\bin;C:\Program Files\Git\cmd;D:\apache-maven-3.5.0\bin;D:\nodejs\;D:\nodejs\node_global;C:\Users\Administrator\AppData\Roaming\npm;.]
2019-10-14 09:04:20.203  INFO 7376 --- [localhost-startStop-1] o.a.c.c.C.[Tomcat].[localhost].[/]       : Initializing Spring embedded WebApplicationContext
2019-10-14 09:04:20.204  INFO 7376 --- [localhost-startStop-1] o.s.web.context.ContextLoader            : Root WebApplicationContext: initialization completed in 3960 ms
2019-10-14 09:04:20.383  INFO 7376 --- [localhost-startStop-1] o.s.b.w.servlet.FilterRegistrationBean   : Mapping filter: 'characterEncodingFilter' to: [/*]
2019-10-14 09:04:20.384  INFO 7376 --- [localhost-startStop-1] o.s.b.w.servlet.FilterRegistrationBean   : Mapping filter: 'hiddenHttpMethodFilter' to: [/*]
2019-10-14 09:04:20.384  INFO 7376 --- [localhost-startStop-1] o.s.b.w.servlet.FilterRegistrationBean   : Mapping filter: 'httpPutFormContentFilter' to: [/*]
2019-10-14 09:04:20.384  INFO 7376 --- [localhost-startStop-1] o.s.b.w.servlet.FilterRegistrationBean   : Mapping filter: 'requestContextFilter' to: [/*]
2019-10-14 09:04:20.385  INFO 7376 --- [localhost-startStop-1] o.s.b.w.servlet.FilterRegistrationBean   : Mapping filter: 'xssFilter' to urls: [/*]
2019-10-14 09:04:20.385  INFO 7376 --- [localhost-startStop-1] o.s.b.w.servlet.FilterRegistrationBean   : Mapping filter: 'originFilter' to urls: [/*]
2019-10-14 09:04:20.385  INFO 7376 --- [localhost-startStop-1] o.s.boot.web.servlet.RegistrationBean    : Filter originFilter was not registered (possibly already registered?)
2019-10-14 09:04:20.386  INFO 7376 --- [localhost-startStop-1] o.s.b.w.servlet.ServletRegistrationBean  : Servlet dispatcherServlet mapped to [/]
2019-10-14 09:04:20.620  INFO 7376 --- [main] com.zaxxer.hikari.HikariDataSource       : HikariPool-1 - Starting...
2019-10-14 09:04:21.215  INFO 7376 --- [main] com.zaxxer.hikari.HikariDataSource       : HikariPool-1 - Start completed.
2019-10-14 09:04:21.396  INFO 7376 --- [main] j.LocalContainerEntityManagerFactoryBean : Building JPA container EntityManagerFactory for persistence unit 'default'
2019-10-14 09:04:21.420  INFO 7376 --- [main] o.hibernate.jpa.internal.util.LogHelper  : HHH000204: Processing PersistenceUnitInfo [
	name: default
	...]
2019-10-14 09:04:21.636  INFO 7376 --- [main] org.hibernate.Version                    : HHH000412: Hibernate Core {5.2.17.Final}
2019-10-14 09:04:21.640  INFO 7376 --- [main] org.hibernate.cfg.Environment            : HHH000206: hibernate.properties not found
2019-10-14 09:04:21.718  INFO 7376 --- [main] o.hibernate.annotations.common.Version   : HCANN000001: Hibernate Commons Annotations {5.0.1.Final}
2019-10-14 09:04:22.506  INFO 7376 --- [main] org.hibernate.dialect.Dialect            : HHH000400: Using dialect: org.hibernate.dialect.MySQL5Dialect
2019-10-14 09:04:25.684  INFO 7376 --- [main] j.LocalContainerEntityManagerFactoryBean : Initialized JPA EntityManagerFactory for persistence unit 'default'
2019-10-14 09:04:27.497  INFO 7376 --- [main] o.s.w.s.handler.SimpleUrlHandlerMapping  : Mapped URL path [/**/favicon.ico] onto handler of type [class org.springframework.web.servlet.resource.ResourceHttpRequestHandler]
2019-10-14 09:04:28.151  INFO 7376 --- [main] s.w.s.m.m.a.RequestMappingHandlerAdapter : Looking for @ControllerAdvice: org.springframework.boot.web.servlet.context.AnnotationConfigServletWebServerApplicationContext@56620197: startup date [Mon Oct 14 09:04:16 CST 2019]; root of context hierarchy
2019-10-14 09:04:28.496  WARN 7376 --- [main] aWebConfiguration$JpaWebMvcConfiguration : spring.jpa.open-in-view is enabled by default. Therefore, database queries may be performed during view rendering. Explicitly configure spring.jpa.open-in-view to disable this warning
2019-10-14 09:04:28.715  INFO 7376 --- [main] s.w.s.m.m.a.RequestMappingHandlerMapping : Mapped "{[/emp/getCurrentUserInfo]}" onto public java.lang.String com.lzq.managements.controller.emp.EmpController.getCurrentUserInfo(javax.servlet.http.HttpServletRequest) throws java.lang.Exception
2019-10-14 09:04:28.716  INFO 7376 --- [main] s.w.s.m.m.a.RequestMappingHandlerMapping : Mapped "{[/emp/selectEmpByleaderName]}" onto public java.lang.String com.lzq.managements.controller.emp.EmpController.selectEmpByleaderName(java.lang.String)
2019-10-14 09:04:28.717  INFO 7376 --- [main] s.w.s.m.m.a.RequestMappingHandlerMapping : Mapped "{[/emp/getAllEmp]}" onto public java.lang.String com.lzq.managements.controller.emp.EmpController.getAllEmp(java.lang.String,java.lang.Integer,java.lang.Integer)
2019-10-14 09:04:28.717  INFO 7376 --- [main] s.w.s.m.m.a.RequestMappingHandlerMapping : Mapped "{[/emp/updateEmp]}" onto public java.lang.String com.lzq.managements.controller.emp.EmpController.updateEmp(org.springframework.web.multipart.MultipartFile,com.lzq.managements.entity.emp.EmpEntity)
2019-10-14 09:04:28.718  INFO 7376 --- [main] s.w.s.m.m.a.RequestMappingHandlerMapping : Mapped "{[/emp/insertEmp]}" onto public java.lang.String com.lzq.managements.controller.emp.EmpController.insertEmp(org.springframework.web.multipart.MultipartFile,com.lzq.managements.entity.emp.EmpEntity)
2019-10-14 09:04:28.718  INFO 7376 --- [main] s.w.s.m.m.a.RequestMappingHandlerMapping : Mapped "{[/emp/loginByEmpNo]}" onto public java.lang.String com.lzq.managements.controller.emp.EmpController.loginByEmpNo(java.lang.String,java.lang.String,javax.servlet.http.HttpServletRequest)
2019-10-14 09:04:28.718  INFO 7376 --- [main] s.w.s.m.m.a.RequestMappingHandlerMapping : Mapped "{[/emp/logout]}" onto public java.lang.String com.lzq.managements.controller.emp.EmpController.logout(javax.servlet.http.HttpSession)
2019-10-14 09:04:28.720  INFO 7376 --- [main] s.w.s.m.m.a.RequestMappingHandlerMapping : Mapped "{[/file/checkFile]}" onto public java.lang.String com.lzq.managements.controller.file.FileController.checkUserinfo(java.lang.String,java.lang.String,java.lang.String,java.lang.String,java.lang.String,java.lang.String,java.lang.String,java.lang.Integer,java.lang.Integer)
2019-10-14 09:04:28.720  INFO 7376 --- [main] s.w.s.m.m.a.RequestMappingHandlerMapping : Mapped "{[/file/getAllFile]}" onto public java.lang.String com.lzq.managements.controller.file.FileController.getAllFile(java.lang.String,java.lang.Integer,java.lang.Integer)
2019-10-14 09:04:28.722  INFO 7376 --- [main] s.w.s.m.m.a.RequestMappingHandlerMapping : Mapped "{[/ghostwriting/getAllGhostWriting]}" onto public java.lang.String com.lzq.managements.controller.ghostwriting.GhostWritingController.getAllGhostWriting(java.lang.String,java.lang.Integer,java.lang.Integer)
2019-10-14 09:04:28.722  INFO 7376 --- [main] s.w.s.m.m.a.RequestMappingHandlerMapping : Mapped "{[/ghostwriting/checkGhostWriting]}" onto public java.lang.String com.lzq.managements.controller.ghostwriting.GhostWritingController.checkGhostWriting(java.lang.String,java.lang.String,java.lang.String,java.lang.String,java.lang.String,java.lang.String,java.lang.Integer,java.lang.Integer)
2019-10-14 09:04:28.723  INFO 7376 --- [main] s.w.s.m.m.a.RequestMappingHandlerMapping : Mapped "{[/huifang/getAllHuiFang]}" onto public java.lang.String com.lzq.managements.controller.HuiFangController.getAllHuiFang(java.lang.String,java.lang.String,java.lang.String,java.lang.Integer,java.lang.Integer)
2019-10-14 09:04:28.728  INFO 7376 --- [main] s.w.s.m.m.a.RequestMappingHandlerMapping : Mapped "{[/price/deletePriceList]}" onto public java.lang.String com.lzq.managements.controller.media.PriceListController.deletePumpStation(java.lang.String[])
2019-10-14 09:04:28.728  INFO 7376 --- [main] s.w.s.m.m.a.RequestMappingHandlerMapping : Mapped "{[/price/updateSellingPrice]}" onto public java.lang.String com.lzq.managements.controller.media.PriceListController.updateSellingPrice(java.lang.String,java.lang.String,java.math.BigDecimal,java.math.BigDecimal,java.math.BigDecimal)
2019-10-14 09:04:28.729  INFO 7376 --- [main] s.w.s.m.m.a.RequestMappingHandlerMapping : Mapped "{[/price/getAllCondition]}" onto public java.lang.String com.lzq.managements.controller.media.PriceListController.getAllCondition()
2019-10-14 09:04:28.731  INFO 7376 --- [main] s.w.s.m.m.a.RequestMappingHandlerMapping : Mapped "{[/price/listPriceList]}" onto public java.lang.String com.lzq.managements.controller.media.PriceListController.listPriceList(com.lzq.managements.entity.media.mediaPrice.PriceList)
2019-10-14 09:04:28.731  INFO 7376 --- [main] s.w.s.m.m.a.RequestMappingHandlerMapping : Mapped "{[/price/insertPriceList]}" onto public java.lang.String com.lzq.managements.controller.media.PriceListController.insertPriceList(com.lzq.managements.entity.media.mediaPrice.PriceList)
2019-10-14 09:04:28.732  INFO 7376 --- [main] s.w.s.m.m.a.RequestMappingHandlerMapping : Mapped "{[/price/updatePriceList]}" onto public java.lang.String com.lzq.managements.controller.media.PriceListController.updatePriceList(com.lzq.managements.entity.media.mediaPrice.PriceList)
2019-10-14 09:04:28.732  INFO 7376 --- [main] s.w.s.m.m.a.RequestMappingHandlerMapping : Mapped "{[/price/exportSelected]}" onto public java.lang.String com.lzq.managements.controller.media.PriceListController.exportSelected(java.lang.String[],javax.servlet.http.HttpServletResponse)
2019-10-14 09:04:28.733  INFO 7376 --- [main] s.w.s.m.m.a.RequestMappingHandlerMapping : Mapped "{[/price/exportExcel]}" onto public void com.lzq.managements.controller.media.PriceListController.exportExcel(com.lzq.managements.entity.media.mediaPrice.PriceList,javax.servlet.http.HttpServletResponse)
2019-10-14 09:04:28.735  INFO 7376 --- [main] s.w.s.m.m.a.RequestMappingHandlerMapping : Mapped "{[/redbook/deletePriceList]}" onto public java.lang.String com.lzq.managements.controller.media.RedMediaPriceListController.deletePumpStation(java.lang.String[])
2019-10-14 09:04:28.735  INFO 7376 --- [main] s.w.s.m.m.a.RequestMappingHandlerMapping : Mapped "{[/redbook/exportSelected]}" onto public java.lang.String com.lzq.managements.controller.media.RedMediaPriceListController.exportSelected(java.lang.String[],javax.servlet.http.HttpServletResponse)
2019-10-14 09:04:28.736  INFO 7376 --- [main] s.w.s.m.m.a.RequestMappingHandlerMapping : Mapped "{[/redbook/getAllRedMediaPriceList]}" onto public java.lang.String com.lzq.managements.controller.media.RedMediaPriceListController.getAllRedMediaPriceList(com.lzq.managements.entity.media.RedMediaPriceList,java.lang.Integer,java.lang.Integer)
2019-10-14 09:04:28.736  INFO 7376 --- [main] s.w.s.m.m.a.RequestMappingHandlerMapping : Mapped "{[/redbook/insertRedMediaPriceList]}" onto public java.lang.String com.lzq.managements.controller.media.RedMediaPriceListController.insertRedMediaPriceList(com.lzq.managements.entity.media.RedMediaPriceList)
2019-10-14 09:04:28.737  INFO 7376 --- [main] s.w.s.m.m.a.RequestMappingHandlerMapping : Mapped "{[/redbook/updateRedMediaPriceList]}" onto public java.lang.String com.lzq.managements.controller.media.RedMediaPriceListController.updateRedMediaPriceList(com.lzq.managements.entity.media.RedMediaPriceList)
2019-10-14 09:04:28.739  INFO 7376 --- [main] s.w.s.m.m.a.RequestMappingHandlerMapping : Mapped "{[/wb/deletePriceList]}" onto public java.lang.String com.lzq.managements.controller.media.WbMediaPriceListController.deletePumpStation(java.lang.String[])
2019-10-14 09:04:28.740  INFO 7376 --- [main] s.w.s.m.m.a.RequestMappingHandlerMapping : Mapped "{[/wb/exportSelected]}" onto public java.lang.String com.lzq.managements.controller.media.WbMediaPriceListController.exportSelected(java.lang.String[],javax.servlet.http.HttpServletResponse)
2019-10-14 09:04:28.741  INFO 7376 --- [main] s.w.s.m.m.a.RequestMappingHandlerMapping : Mapped "{[/wb/exportAll]}" onto public java.lang.String com.lzq.managements.controller.media.WbMediaPriceListController.exportAll(com.lzq.managements.entity.media.WbMediaPriceList,javax.servlet.http.HttpServletResponse)
2019-10-14 09:04:28.741  INFO 7376 --- [main] s.w.s.m.m.a.RequestMappingHandlerMapping : Mapped "{[/wb/insertWbMediaPriceList]}" onto public java.lang.String com.lzq.managements.controller.media.WbMediaPriceListController.insertRedMediaPriceList(com.lzq.managements.entity.media.WbMediaPriceList)
2019-10-14 09:04:28.741  INFO 7376 --- [main] s.w.s.m.m.a.RequestMappingHandlerMapping : Mapped "{[/wb/updateWbMediaPriceList]}" onto public java.lang.String com.lzq.managements.controller.media.WbMediaPriceListController.updateRedMediaPriceList(com.lzq.managements.entity.media.WbMediaPriceList)
2019-10-14 09:04:28.742  INFO 7376 --- [main] s.w.s.m.m.a.RequestMappingHandlerMapping : Mapped "{[/wb/getAllWbMediaPriceList]}" onto public java.lang.String com.lzq.managements.controller.media.WbMediaPriceListController.getAllWbMediaPriceList(com.lzq.managements.entity.media.WbMediaPriceList,java.lang.Integer,java.lang.Integer)
2019-10-14 09:04:28.744  INFO 7376 --- [main] s.w.s.m.m.a.RequestMappingHandlerMapping : Mapped "{[/wxpricelist/deletePriceList]}" onto public java.lang.String com.lzq.managements.controller.media.WxPriceController.deletePumpStation(java.lang.String[])
2019-10-14 09:04:28.745  INFO 7376 --- [main] s.w.s.m.m.a.RequestMappingHandlerMapping : Mapped "{[/wxpricelist/exportSelected]}" onto public java.lang.String com.lzq.managements.controller.media.WxPriceController.exportSelected(java.lang.String[],javax.servlet.http.HttpServletResponse)
2019-10-14 09:04:28.745  INFO 7376 --- [main] s.w.s.m.m.a.RequestMappingHandlerMapping : Mapped "{[/wxpricelist/export]}" onto public java.lang.String com.lzq.managements.controller.media.WxPriceController.exportSelect(com.lzq.managements.entity.media.WxMediaPriceList,javax.servlet.http.HttpServletResponse)
2019-10-14 09:04:28.745  INFO 7376 --- [main] s.w.s.m.m.a.RequestMappingHandlerMapping : Mapped "{[/wxpricelist/getAllWxMediaPriceList]}" onto public java.lang.String com.lzq.managements.controller.media.WxPriceController.getAllWxMediaPriceList(com.lzq.managements.entity.media.WxMediaPriceList,java.lang.Integer,java.lang.Integer)
2019-10-14 09:04:28.746  INFO 7376 --- [main] s.w.s.m.m.a.RequestMappingHandlerMapping : Mapped "{[/wxpricelist/insertWxMediaPriceList]}" onto public java.lang.String com.lzq.managements.controller.media.WxPriceController.insertWXPricelist(org.springframework.web.multipart.MultipartFile,com.lzq.managements.entity.media.WxMediaPriceList)
2019-10-14 09:04:28.746  INFO 7376 --- [main] s.w.s.m.m.a.RequestMappingHandlerMapping : Mapped "{[/wxpricelist/updateWXPricelist]}" onto public java.lang.String com.lzq.managements.controller.media.WxPriceController.updateWXPricelist(com.lzq.managements.entity.media.WxMediaPriceList)
2019-10-14 09:04:28.749  INFO 7376 --- [main] s.w.s.m.m.a.RequestMappingHandlerMapping : Mapped "{[/zmt/deletePriceList]}" onto public java.lang.String com.lzq.managements.controller.media.ZmtPriceListController.deletePumpStation(java.lang.String[])
2019-10-14 09:04:28.749  INFO 7376 --- [main] s.w.s.m.m.a.RequestMappingHandlerMapping : Mapped "{[/zmt/getAllCondition]}" onto public java.lang.String com.lzq.managements.controller.media.ZmtPriceListController.getAllCondition()
2019-10-14 09:04:28.750  INFO 7376 --- [main] s.w.s.m.m.a.RequestMappingHandlerMapping : Mapped "{[/zmt/exportSelected]}" onto public java.lang.String com.lzq.managements.controller.media.ZmtPriceListController.exportSelected(java.lang.String[],javax.servlet.http.HttpServletResponse)
2019-10-14 09:04:28.750  INFO 7376 --- [main] s.w.s.m.m.a.RequestMappingHandlerMapping : Mapped "{[/zmt/exportExcel]}" onto public void com.lzq.managements.controller.media.ZmtPriceListController.exportExcel(com.lzq.managements.entity.media.zmtPriceList.ZmtPriceList,javax.servlet.http.HttpServletResponse)
2019-10-14 09:04:28.750  INFO 7376 --- [main] s.w.s.m.m.a.RequestMappingHandlerMapping : Mapped "{[/zmt/getAllZmtPriceList]}" onto public java.lang.String com.lzq.managements.controller.media.ZmtPriceListController.getAllZmtPriceList(com.lzq.managements.entity.media.zmtPriceList.ZmtPriceList)
2019-10-14 09:04:28.751  INFO 7376 --- [main] s.w.s.m.m.a.RequestMappingHandlerMapping : Mapped "{[/zmt/insertZmtPriceList]}" onto public java.lang.String com.lzq.managements.controller.media.ZmtPriceListController.insertZmtPriceList(com.lzq.managements.entity.media.zmtPriceList.ZmtPriceList)
2019-10-14 09:04:28.751  INFO 7376 --- [main] s.w.s.m.m.a.RequestMappingHandlerMapping : Mapped "{[/zmt/updateZmtPriceList]}" onto public java.lang.String com.lzq.managements.controller.media.ZmtPriceListController.updateZmtPriceList(com.lzq.managements.entity.media.zmtPriceList.ZmtPriceList)
2019-10-14 09:04:28.752  INFO 7376 --- [main] s.w.s.m.m.a.RequestMappingHandlerMapping : Mapped "{[/zmt/getZmtPriceListByNos]}" onto public java.lang.String com.lzq.managements.controller.media.ZmtPriceListController.getZmtPriceListByNos(java.lang.String[],javax.servlet.http.HttpServletResponse)
2019-10-14 09:04:28.753  INFO 7376 --- [main] s.w.s.m.m.a.RequestMappingHandlerMapping : Mapped "{[/newsorder/checkNewsOrder]}" onto public java.lang.String com.lzq.managements.controller.newsorder.NewsOrderController.checkNewsOrder(java.lang.String,java.lang.String,java.lang.String,java.lang.String,java.lang.String,java.lang.String,java.lang.Integer,java.lang.Integer)
2019-10-14 09:04:28.753  INFO 7376 --- [main] s.w.s.m.m.a.RequestMappingHandlerMapping : Mapped "{[/newsorder/getAllNewsOrder]}" onto public java.lang.String com.lzq.managements.controller.newsorder.NewsOrderController.getAllNewsOrder(java.lang.String,java.lang.Integer,java.lang.Integer)
2019-10-14 09:04:28.754  INFO 7376 --- [main] s.w.s.m.m.a.RequestMappingHandlerMapping : Mapped "{[/phoneinfo/updatePhoneInfo]}" onto public java.lang.String com.lzq.managements.controller.PhoneInfoController.updatePhoneInfo(com.lzq.managements.entity.PhoneInfo)
2019-10-14 09:04:28.754  INFO 7376 --- [main] s.w.s.m.m.a.RequestMappingHandlerMapping : Mapped "{[/phoneinfo/checkPhoneInfo]}" onto public java.lang.String com.lzq.managements.controller.PhoneInfoController.checkPhoneInfo(java.lang.String,java.lang.String,java.lang.String,java.lang.String,java.lang.String,java.lang.String,java.lang.String,java.lang.String,java.lang.Integer,java.lang.Integer)
2019-10-14 09:04:28.755  INFO 7376 --- [main] s.w.s.m.m.a.RequestMappingHandlerMapping : Mapped "{[/phoneinfo/getOneByphoneNo]}" onto public java.lang.String com.lzq.managements.controller.PhoneInfoController.getOneByphoneNo(java.lang.String,java.lang.String)
2019-10-14 09:04:28.755  INFO 7376 --- [main] s.w.s.m.m.a.RequestMappingHandlerMapping : Mapped "{[/phoneinfo/distributionPhoneInfo]}" onto public java.lang.String com.lzq.managements.controller.PhoneInfoController.distributionPhoneInfo(java.lang.String,java.lang.String)
2019-10-14 09:04:28.757  INFO 7376 --- [main] s.w.s.m.m.a.RequestMappingHandlerMapping : Mapped "{[/userinfo/checkUserinfo]}" onto public java.lang.String com.lzq.managements.controller.UserInfoController.checkUserinfo(java.lang.String,java.lang.String,java.lang.String,java.lang.String,java.lang.String,java.lang.String,java.lang.String,java.lang.Integer,java.lang.String,java.lang.String,java.lang.Integer,java.lang.Integer)
2019-10-14 09:04:28.758  INFO 7376 --- [main] s.w.s.m.m.a.RequestMappingHandlerMapping : Mapped "{[/userinfo/updateUserInfo]}" onto public java.lang.String com.lzq.managements.controller.UserInfoController.updateUserInfo(com.lzq.managements.entity.UserInfo)
2019-10-14 09:04:28.758  INFO 7376 --- [main] s.w.s.m.m.a.RequestMappingHandlerMapping : Mapped "{[/userinfo/getAllDiscard]}" onto public java.lang.String com.lzq.managements.controller.UserInfoController.getAllDiscard(java.lang.Integer,java.lang.Integer)
2019-10-14 09:04:28.758  INFO 7376 --- [main] s.w.s.m.m.a.RequestMappingHandlerMapping : Mapped "{[/userinfo/checkDiscard]}" onto public java.lang.String com.lzq.managements.controller.UserInfoController.checkDiscard(java.lang.String,java.lang.String,java.lang.String,java.lang.String,java.lang.Integer,java.lang.String,java.lang.String,java.lang.Integer,java.lang.Integer)
2019-10-14 09:04:28.758  INFO 7376 --- [main] s.w.s.m.m.a.RequestMappingHandlerMapping : Mapped "{[/userinfo/getAllUserInfo]}" onto public java.lang.String com.lzq.managements.controller.UserInfoController.getAllUserInfo(java.lang.String,java.lang.String,java.lang.String,java.lang.Integer,java.lang.Integer)
2019-10-14 09:04:28.759  INFO 7376 --- [main] s.w.s.m.m.a.RequestMappingHandlerMapping : Mapped "{[/userinfo/insertUser]}" onto public java.lang.String com.lzq.managements.controller.UserInfoController.insertUser(com.lzq.managements.entity.User)
2019-10-14 09:04:28.759  INFO 7376 --- [main] s.w.s.m.m.a.RequestMappingHandlerMapping : Mapped "{[/userinfo/getOneByUserNo]}" onto public java.lang.String com.lzq.managements.controller.UserInfoController.getOneByUserNo(java.lang.String,java.lang.String)
2019-10-14 09:04:28.759  INFO 7376 --- [main] s.w.s.m.m.a.RequestMappingHandlerMapping : Mapped "{[/userinfo/updateUser]}" onto public java.lang.String com.lzq.managements.controller.UserInfoController.updateUser(com.lzq.managements.entity.User)
2019-10-14 09:04:28.759  INFO 7376 --- [main] s.w.s.m.m.a.RequestMappingHandlerMapping : Mapped "{[/userinfo/timerToNow]}" onto public java.lang.String com.lzq.managements.controller.UserInfoController.timerToNow(java.lang.String)
2019-10-14 09:04:28.760  INFO 7376 --- [main] s.w.s.m.m.a.RequestMappingHandlerMapping : Mapped "{[/userinfo/getLocking]}" onto public java.lang.String com.lzq.managements.controller.UserInfoController.getLocking(java.lang.String[],java.lang.String)
2019-10-14 09:04:28.760  INFO 7376 --- [main] s.w.s.m.m.a.RequestMappingHandlerMapping : Mapped "{[/userinfo/getUnLocking]}" onto public java.lang.String com.lzq.managements.controller.UserInfoController.getUnLocking(java.lang.String[],java.lang.String)
2019-10-14 09:04:28.760  INFO 7376 --- [main] s.w.s.m.m.a.RequestMappingHandlerMapping : Mapped "{[/userinfo/getAllUserInfoByloginTime]}" onto public java.lang.String com.lzq.managements.controller.UserInfoController.getAllUserInfoByloginTime(java.lang.String,java.lang.String,java.lang.Integer,java.lang.Integer)
2019-10-14 09:04:28.760  INFO 7376 --- [main] s.w.s.m.m.a.RequestMappingHandlerMapping : Mapped "{[/userinfo/checkUserinfoByLoginTime]}" onto public java.lang.String com.lzq.managements.controller.UserInfoController.checkUserinfoByLoginTime(java.lang.String,java.lang.String,java.lang.String,java.lang.Integer,java.lang.String,java.lang.String,java.lang.Integer,java.lang.Integer)
2019-10-14 09:04:28.761  INFO 7376 --- [main] s.w.s.m.m.a.RequestMappingHandlerMapping : Mapped "{[/userinfo/userInfoDistribution]}" onto public java.lang.String com.lzq.managements.controller.UserInfoController.userInfoDistribution(java.lang.String[],java.lang.String,java.lang.String)
2019-10-14 09:04:28.762  INFO 7376 --- [main] s.w.s.m.m.a.RequestMappingHandlerMapping : Mapped "{[/wenmu/getAllWenMu]}" onto public java.lang.String com.lzq.managements.controller.WenMu.WenMuController.getAllWenMu(java.lang.String,java.lang.String,java.lang.String,java.lang.String,java.lang.Integer,java.lang.Integer,java.lang.Integer)
2019-10-14 09:04:28.768  INFO 7376 --- [main] s.w.s.m.m.a.RequestMappingHandlerMapping : Mapped "{[/error]}" onto public org.springframework.http.ResponseEntity<java.util.Map<java.lang.String, java.lang.Object>> org.springframework.boot.autoconfigure.web.servlet.error.BasicErrorController.error(javax.servlet.http.HttpServletRequest)
2019-10-14 09:04:28.768  INFO 7376 --- [main] s.w.s.m.m.a.RequestMappingHandlerMapping : Mapped "{[/error],produces=[text/html]}" onto public org.springframework.web.servlet.ModelAndView org.springframework.boot.autoconfigure.web.servlet.error.BasicErrorController.errorHtml(javax.servlet.http.HttpServletRequest,javax.servlet.http.HttpServletResponse)
2019-10-14 09:04:28.812  INFO 7376 --- [main] o.s.w.s.handler.SimpleUrlHandlerMapping  : Mapped URL path [/webjars/**] onto handler of type [class org.springframework.web.servlet.resource.ResourceHttpRequestHandler]
2019-10-14 09:04:28.812  INFO 7376 --- [main] o.s.w.s.handler.SimpleUrlHandlerMapping  : Mapped URL path [/**] onto handler of type [class org.springframework.web.servlet.resource.ResourceHttpRequestHandler]
2019-10-14 09:04:28.926  WARN 7376 --- [main] ion$DefaultTemplateResolverConfiguration : Cannot find template location: classpath:/templates/ (please add some templates or check your Thymeleaf configuration)
2019-10-14 09:04:30.516  INFO 7376 --- [main] s.a.ScheduledAnnotationBeanPostProcessor : No TaskScheduler/ScheduledExecutorService bean found for scheduled processing
2019-10-14 09:04:30.851  INFO 7376 --- [main] o.s.b.w.embedded.tomcat.TomcatWebServer  : Tomcat started on port(s): 8082 (http) with context path ''
2019-10-14 09:04:30.872  INFO 7376 --- [main] c.l.managements.ManagementsApplication   : Started ManagementsApplication in 16.524 seconds (JVM running for 23.741)
2019-10-14 09:37:00.294 DEBUG 7376 --- [pool-2-thread-1] c.l.m.dao.UserInfoDao.selectArticleNo    : ==>  Preparing: select articleNo from articlenavigation where serial=1 
2019-10-14 09:37:00.354 DEBUG 7376 --- [pool-2-thread-1] c.l.m.dao.UserInfoDao.selectArticleNo    : ==> Parameters: 
2019-10-14 09:37:00.427 DEBUG 7376 --- [pool-2-thread-1] c.l.m.dao.UserInfoDao.selectArticleNo    : <==      Total: 1
